<?xml version="1.0" encoding="UTF-8"?>
<testng-results ignored="0" total="1" passed="1" failed="0" skipped="0">
  <reporter-output>
  </reporter-output>
  <suite started-at="2022-11-25T07:39:56 EST" name="Default suite" finished-at="2022-11-25T07:40:12 EST" duration-ms="15310">
    <groups>
    </groups>
    <test started-at="2022-11-25T07:39:56 EST" name="Default test" finished-at="2022-11-25T07:40:12 EST" duration-ms="15310">
      <class name="testLayer.LoginTest">
        <test-method is-config="true" signature="initsetup()[pri:0, instance:testLayer.LoginTest@64cd705f]" started-at="2022-11-25T07:39:56 EST" name="initsetup" finished-at="2022-11-25T07:40:11 EST" duration-ms="14648" status="PASS">
          <reporter-output>
          </reporter-output>
        </test-method> <!-- initsetup -->
        <test-method signature="Title()[pri:0, instance:testLayer.LoginTest@64cd705f]" started-at="2022-11-25T07:40:11 EST" name="Title" finished-at="2022-11-25T07:40:11 EST" duration-ms="16" status="PASS">
          <reporter-output>
          </reporter-output>
        </test-method> <!-- Title -->
        <test-method is-config="true" signature="close()[pri:0, instance:testLayer.LoginTest@64cd705f]" started-at="2022-11-25T07:40:11 EST" name="close" finished-at="2022-11-25T07:40:12 EST" duration-ms="615" status="PASS">
          <reporter-output>
          </reporter-output>
        </test-method> <!-- close -->
      </class> <!-- testLayer.LoginTest -->
    </test> <!-- Default test -->
  </suite> <!-- Default suite -->
</testng-results>
